[0131/020201.354:ERROR:crash_report_database_win.cc(569)] CreateDirectory C:\Users\AUTOMA~1\AppData\Local\Temp\scoped_dir5616_13264\Crashpad: Espacio en disco insuficiente. (0x70)
[0131/020201.359:ERROR:registration_protocol_win.cc(84)] TransactNamedPipe: Ha terminado la canalización. (0x6D)
[0131/020201.359:ERROR:crash_report_database_win.cc(569)] CreateDirectory C:\Users\AUTOMA~1\AppData\Local\Temp\scoped_dir5616_13264\Crashpad: Espacio en disco insuficiente. (0x70)
[0204/161553.805:ERROR:process_reader_win.cc(182)] ResumeThread: The parameter is incorrect. (0x57)
[0204/161553.805:ERROR:process_reader_win.cc(151)] SuspendThread: Access is denied. (0x5)
[0204/161553.805:ERROR:process_reader_win.cc(151)] SuspendThread: Access is denied. (0x5)
[0204/161553.805:ERROR:process_reader_win.cc(151)] SuspendThread: Access is denied. (0x5)
[0204/161553.805:ERROR:process_reader_win.cc(151)] SuspendThread: Access is denied. (0x5)
[0204/161553.805:ERROR:process_reader_win.cc(151)] SuspendThread: Access is denied. (0x5)
[0204/161553.805:ERROR:process_reader_win.cc(151)] SuspendThread: Access is denied. (0x5)
[0204/161553.805:ERROR:process_reader_win.cc(151)] SuspendThread: Access is denied. (0x5)
[0204/161553.805:ERROR:process_reader_win.cc(151)] SuspendThread: Access is denied. (0x5)
[0204/161553.805:ERROR:process_reader_win.cc(151)] SuspendThread: Access is denied. (0x5)
[0204/161553.806:ERROR:process_reader_win.cc(151)] SuspendThread: Access is denied. (0x5)
[0204/161553.806:ERROR:process_reader_win.cc(151)] SuspendThread: Access is denied. (0x5)
[0204/161553.806:ERROR:process_reader_win.cc(151)] SuspendThread: Access is denied. (0x5)
[0204/161553.806:ERROR:process_reader_win.cc(151)] SuspendThread: Access is denied. (0x5)
[0204/161553.806:ERROR:process_reader_win.cc(151)] SuspendThread: Access is denied. (0x5)
[0204/161553.806:ERROR:process_reader_win.cc(151)] SuspendThread: Access is denied. (0x5)
[0204/161553.806:ERROR:process_reader_win.cc(151)] SuspendThread: Access is denied. (0x5)
[0204/161553.806:ERROR:process_reader_win.cc(151)] SuspendThread: Access is denied. (0x5)
[0204/161553.806:ERROR:process_reader_win.cc(151)] SuspendThread: Access is denied. (0x5)
[0204/161553.806:ERROR:exception_snapshot_win.cc(88)] thread ID 4264 not found in process
